<?xml version="1.0" encoding="UTF-8"?>
<!-- Generated by org.testng.reporters.JUnitReportReporter -->
<testsuite hostname="Rajen-PC" failures="0" tests="2" name="Selenium.HomePage" time="36.014" errors="0" timestamp="2020-10-26T00:46:43 IST" skipped="0">
  <testcase classname="Selenium.HomePage" name="basePageNavigation" time="31.540"/>
  <system-out/>
  <testcase classname="Selenium.HomePage" name="basePageNavigation" time="4.474"/>
  <system-out/>
</testsuite> <!-- Selenium.HomePage -->
