<?xml version="1.0" encoding="UTF-8"?>
<!-- Generated by org.testng.reporters.JUnitReportReporter -->
<testsuite hostname="Rajen-PC" failures="0" tests="1" name="Selenium.ValidateNavigationBar" time="0.416" errors="0" timestamp="2020-10-26T00:46:43 IST" skipped="0">
  <testcase classname="Selenium.ValidateNavigationBar" name="basePageNavigation" time="0.416"/>
  <system-out/>
</testsuite> <!-- Selenium.ValidateNavigationBar -->
